(java -jar /SAN/ugi/StalkieGenomics/software/juicer_tools_2.17.00.jar pre alignments_sorted.txt out.hic.part scaffolds_final.chrom.sizes) && (mv out.hic.part out.hic)
WARNING: sun.reflect.Reflection.getCallerClass is not supported. This will impact performance.
WARN [2022-10-27T11:06:51,494]  [Globals.java:138] [main]  Development mode is enabled
Using 1 CPU thread(s) for primary task
Using 10 CPU thread(s) for secondary task
Not including fragment map
Start preprocess
Writing header
Writing body
...................................................................................................................................................................................................................................................................................................................................................................................................................................................................................................................................................................................................................................................................................................................................................................................................................................................................................................................................................................................................................................................................................................................................................................................................................................................................................................................................................................................................................................................................................................................................................................................................................................................................................................................................................................................................................................................................................................................................................................................................................................................................................
Writing footer
nBytesV5: 2237423
masterIndexPosition: 101711602

Finished preprocess

Calculating norms for zoom BP_2500000
Calculating norms for zoom BP_1000000
Calculating norms for zoom BP_500000
Calculating norms for zoom BP_250000
Calculating norms for zoom BP_100000
Calculating norms for zoom BP_50000
Calculating norms for zoom BP_25000
