(/SAN/ugi/StalkieGenomics/software/yahs/juicer pre yahs.out.bin yahs.out_scaffolds_final.agp ../STpurged.fa.fai | sort -k2,2d -k6,6d -T ./ --parallel=8 -S32G | awk 'NF' > alignments_sorted.txt.part) && (mv alignments_sorted.txt.part alignments_sorted.txt)
[I::main_pre] make juicer pre input from BIN file yahs.out.bin
[I::make_juicer_pre_file_from_bin] 81520269 read pairs processed
[I::main_pre] chromosome sizes for juicer_tools pre -
PRE_C_SIZE: scaffold_1 394804583
PRE_C_SIZE: scaffold_2 6726756
PRE_C_SIZE: scaffold_3 5686891
PRE_C_SIZE: scaffold_4 3935305
PRE_C_SIZE: scaffold_5 3194000
PRE_C_SIZE: scaffold_6 2838285
PRE_C_SIZE: scaffold_7 1836328
PRE_C_SIZE: scaffold_8 1451224
PRE_C_SIZE: scaffold_9 1432000
PRE_C_SIZE: scaffold_10 610653
PRE_C_SIZE: scaffold_11 596000
PRE_C_SIZE: scaffold_12 517752
PRE_C_SIZE: scaffold_13 479000
PRE_C_SIZE: scaffold_14 419895
PRE_C_SIZE: scaffold_15 413095
PRE_C_SIZE: scaffold_16 399272
PRE_C_SIZE: scaffold_17 332796
PRE_C_SIZE: scaffold_18 310348
PRE_C_SIZE: scaffold_19 260007
PRE_C_SIZE: scaffold_20 238049
PRE_C_SIZE: scaffold_21 237000
PRE_C_SIZE: scaffold_22 212018
PRE_C_SIZE: scaffold_23 188857
PRE_C_SIZE: scaffold_24 177474
PRE_C_SIZE: scaffold_25 163402
PRE_C_SIZE: scaffold_26 148694
PRE_C_SIZE: scaffold_27 138403
PRE_C_SIZE: scaffold_28 135167
PRE_C_SIZE: scaffold_29 99827
PRE_C_SIZE: scaffold_30 96282
PRE_C_SIZE: scaffold_31 94397
PRE_C_SIZE: scaffold_32 90526
PRE_C_SIZE: scaffold_33 88366
PRE_C_SIZE: scaffold_34 82380
PRE_C_SIZE: scaffold_35 75291
PRE_C_SIZE: scaffold_36 75104
PRE_C_SIZE: scaffold_37 73246
PRE_C_SIZE: scaffold_38 72807
PRE_C_SIZE: scaffold_39 72576
PRE_C_SIZE: scaffold_40 68895
PRE_C_SIZE: scaffold_41 66922
PRE_C_SIZE: scaffold_42 63570
PRE_C_SIZE: scaffold_43 63164
PRE_C_SIZE: scaffold_44 62502
PRE_C_SIZE: scaffold_45 58993
PRE_C_SIZE: scaffold_46 58606
PRE_C_SIZE: scaffold_47 57382
PRE_C_SIZE: scaffold_48 56681
PRE_C_SIZE: scaffold_49 56360
PRE_C_SIZE: scaffold_50 56325
PRE_C_SIZE: scaffold_51 55523
PRE_C_SIZE: scaffold_52 55466
PRE_C_SIZE: scaffold_53 55094
PRE_C_SIZE: scaffold_54 54371
PRE_C_SIZE: scaffold_55 53602
PRE_C_SIZE: scaffold_56 52411
PRE_C_SIZE: scaffold_57 52231
PRE_C_SIZE: scaffold_58 52018
PRE_C_SIZE: scaffold_59 51174
PRE_C_SIZE: scaffold_60 49924
PRE_C_SIZE: scaffold_61 49428
PRE_C_SIZE: scaffold_62 48048
PRE_C_SIZE: scaffold_63 48040
PRE_C_SIZE: scaffold_64 47956
PRE_C_SIZE: scaffold_65 47934
PRE_C_SIZE: scaffold_66 47832
PRE_C_SIZE: scaffold_67 47581
PRE_C_SIZE: scaffold_68 47402
PRE_C_SIZE: scaffold_69 47114
PRE_C_SIZE: scaffold_70 47088
PRE_C_SIZE: scaffold_71 46635
PRE_C_SIZE: scaffold_72 46381
PRE_C_SIZE: scaffold_73 46065
PRE_C_SIZE: scaffold_74 45631
PRE_C_SIZE: scaffold_75 45474
PRE_C_SIZE: scaffold_76 45113
PRE_C_SIZE: scaffold_77 45109
PRE_C_SIZE: scaffold_78 44962
PRE_C_SIZE: scaffold_79 44855
PRE_C_SIZE: scaffold_80 44101
PRE_C_SIZE: scaffold_81 44030
PRE_C_SIZE: scaffold_82 43565
PRE_C_SIZE: scaffold_83 43212
PRE_C_SIZE: scaffold_84 42906
PRE_C_SIZE: scaffold_85 42324
PRE_C_SIZE: scaffold_86 41960
PRE_C_SIZE: scaffold_87 41886
PRE_C_SIZE: scaffold_88 41823
PRE_C_SIZE: scaffold_89 41770
PRE_C_SIZE: scaffold_90 41518
PRE_C_SIZE: scaffold_91 41495
PRE_C_SIZE: scaffold_92 41209
PRE_C_SIZE: scaffold_93 41037
PRE_C_SIZE: scaffold_94 40680
PRE_C_SIZE: scaffold_95 40659
PRE_C_SIZE: scaffold_96 40401
PRE_C_SIZE: scaffold_97 40342
PRE_C_SIZE: scaffold_98 40007
PRE_C_SIZE: scaffold_99 39788
PRE_C_SIZE: scaffold_100 39562
PRE_C_SIZE: scaffold_101 39433
PRE_C_SIZE: scaffold_102 39245
PRE_C_SIZE: scaffold_103 39087
PRE_C_SIZE: scaffold_104 39012
PRE_C_SIZE: scaffold_105 38603
PRE_C_SIZE: scaffold_106 38587
PRE_C_SIZE: scaffold_107 38460
PRE_C_SIZE: scaffold_108 38198
PRE_C_SIZE: scaffold_109 38005
PRE_C_SIZE: scaffold_110 37757
PRE_C_SIZE: scaffold_111 37410
PRE_C_SIZE: scaffold_112 37322
PRE_C_SIZE: scaffold_113 37257
PRE_C_SIZE: scaffold_114 37207
PRE_C_SIZE: scaffold_115 37190
PRE_C_SIZE: scaffold_116 37113
PRE_C_SIZE: scaffold_117 36962
PRE_C_SIZE: scaffold_118 36930
PRE_C_SIZE: scaffold_119 36668
PRE_C_SIZE: scaffold_120 36593
PRE_C_SIZE: scaffold_121 36339
PRE_C_SIZE: scaffold_122 36280
PRE_C_SIZE: scaffold_123 36209
PRE_C_SIZE: scaffold_124 36161
PRE_C_SIZE: scaffold_125 36157
PRE_C_SIZE: scaffold_126 35998
PRE_C_SIZE: scaffold_127 35861
PRE_C_SIZE: scaffold_128 35723
PRE_C_SIZE: scaffold_129 35652
PRE_C_SIZE: scaffold_130 35553
PRE_C_SIZE: scaffold_131 35522
PRE_C_SIZE: scaffold_132 35432
PRE_C_SIZE: scaffold_133 35283
PRE_C_SIZE: scaffold_134 35271
PRE_C_SIZE: scaffold_135 35265
PRE_C_SIZE: scaffold_136 35264
PRE_C_SIZE: scaffold_137 35075
PRE_C_SIZE: scaffold_138 35065
PRE_C_SIZE: scaffold_139 35046
PRE_C_SIZE: scaffold_140 34932
PRE_C_SIZE: scaffold_141 34866
PRE_C_SIZE: scaffold_142 34858
PRE_C_SIZE: scaffold_143 34644
PRE_C_SIZE: scaffold_144 34469
PRE_C_SIZE: scaffold_145 34390
PRE_C_SIZE: scaffold_146 34067
PRE_C_SIZE: scaffold_147 34065
PRE_C_SIZE: scaffold_148 34039
PRE_C_SIZE: scaffold_149 34025
PRE_C_SIZE: scaffold_150 33932
PRE_C_SIZE: scaffold_151 33852
PRE_C_SIZE: scaffold_152 33717
PRE_C_SIZE: scaffold_153 33427
PRE_C_SIZE: scaffold_154 33426
PRE_C_SIZE: scaffold_155 33329
PRE_C_SIZE: scaffold_156 33224
PRE_C_SIZE: scaffold_157 33200
PRE_C_SIZE: scaffold_158 33139
PRE_C_SIZE: scaffold_159 32974
PRE_C_SIZE: scaffold_160 32884
PRE_C_SIZE: scaffold_161 32841
PRE_C_SIZE: scaffold_162 32818
PRE_C_SIZE: scaffold_163 32738
PRE_C_SIZE: scaffold_164 32713
PRE_C_SIZE: scaffold_165 32702
PRE_C_SIZE: scaffold_166 32697
PRE_C_SIZE: scaffold_167 32539
PRE_C_SIZE: scaffold_168 32537
PRE_C_SIZE: scaffold_169 32535
PRE_C_SIZE: scaffold_170 32418
PRE_C_SIZE: scaffold_171 32395
PRE_C_SIZE: scaffold_172 32352
PRE_C_SIZE: scaffold_173 32343
PRE_C_SIZE: scaffold_174 32311
PRE_C_SIZE: scaffold_175 32232
PRE_C_SIZE: scaffold_176 32210
PRE_C_SIZE: scaffold_177 31682
PRE_C_SIZE: scaffold_178 31593
PRE_C_SIZE: scaffold_179 31478
PRE_C_SIZE: scaffold_180 31468
PRE_C_SIZE: scaffold_181 31465
PRE_C_SIZE: scaffold_182 31279
PRE_C_SIZE: scaffold_183 31248
PRE_C_SIZE: scaffold_184 31097
PRE_C_SIZE: scaffold_185 30961
PRE_C_SIZE: scaffold_186 30961
PRE_C_SIZE: scaffold_187 30821
PRE_C_SIZE: scaffold_188 30781
PRE_C_SIZE: scaffold_189 30735
PRE_C_SIZE: scaffold_190 30674
PRE_C_SIZE: scaffold_191 30653
PRE_C_SIZE: scaffold_192 30609
PRE_C_SIZE: scaffold_193 30394
PRE_C_SIZE: scaffold_194 30393
PRE_C_SIZE: scaffold_195 30382
PRE_C_SIZE: scaffold_196 30331
PRE_C_SIZE: scaffold_197 30276
PRE_C_SIZE: scaffold_198 30268
PRE_C_SIZE: scaffold_199 30256
PRE_C_SIZE: scaffold_200 30125
PRE_C_SIZE: scaffold_201 29998
PRE_C_SIZE: scaffold_202 29839
PRE_C_SIZE: scaffold_203 29792
PRE_C_SIZE: scaffold_204 29780
PRE_C_SIZE: scaffold_205 29677
PRE_C_SIZE: scaffold_206 29658
PRE_C_SIZE: scaffold_207 29650
PRE_C_SIZE: scaffold_208 29597
PRE_C_SIZE: scaffold_209 29523
PRE_C_SIZE: scaffold_210 29520
PRE_C_SIZE: scaffold_211 29511
PRE_C_SIZE: scaffold_212 29470
PRE_C_SIZE: scaffold_213 29345
PRE_C_SIZE: scaffold_214 29303
PRE_C_SIZE: scaffold_215 29214
PRE_C_SIZE: scaffold_216 29165
PRE_C_SIZE: scaffold_217 29111
PRE_C_SIZE: scaffold_218 29094
PRE_C_SIZE: scaffold_219 29048
PRE_C_SIZE: scaffold_220 29016
PRE_C_SIZE: scaffold_221 28983
PRE_C_SIZE: scaffold_222 28954
PRE_C_SIZE: scaffold_223 28887
PRE_C_SIZE: scaffold_224 28882
PRE_C_SIZE: scaffold_225 28812
PRE_C_SIZE: scaffold_226 28796
PRE_C_SIZE: scaffold_227 28685
PRE_C_SIZE: scaffold_228 28568
PRE_C_SIZE: scaffold_229 28567
PRE_C_SIZE: scaffold_230 28542
PRE_C_SIZE: scaffold_231 28428
PRE_C_SIZE: scaffold_232 28414
PRE_C_SIZE: scaffold_233 28411
PRE_C_SIZE: scaffold_234 28358
PRE_C_SIZE: scaffold_235 28342
PRE_C_SIZE: scaffold_236 28306
PRE_C_SIZE: scaffold_237 28286
PRE_C_SIZE: scaffold_238 28207
PRE_C_SIZE: scaffold_239 28198
PRE_C_SIZE: scaffold_240 28191
PRE_C_SIZE: scaffold_241 28155
PRE_C_SIZE: scaffold_242 28143
PRE_C_SIZE: scaffold_243 28133
PRE_C_SIZE: scaffold_244 28066
PRE_C_SIZE: scaffold_245 28030
PRE_C_SIZE: scaffold_246 28009
PRE_C_SIZE: scaffold_247 27988
PRE_C_SIZE: scaffold_248 27967
PRE_C_SIZE: scaffold_249 27965
PRE_C_SIZE: scaffold_250 27961
PRE_C_SIZE: scaffold_251 27952
PRE_C_SIZE: scaffold_252 27946
PRE_C_SIZE: scaffold_253 27886
PRE_C_SIZE: scaffold_254 27884
PRE_C_SIZE: scaffold_255 27856
PRE_C_SIZE: scaffold_256 27815
PRE_C_SIZE: scaffold_257 27769
PRE_C_SIZE: scaffold_258 27745
PRE_C_SIZE: scaffold_259 27735
PRE_C_SIZE: scaffold_260 27731
PRE_C_SIZE: scaffold_261 27660
PRE_C_SIZE: scaffold_262 27640
PRE_C_SIZE: scaffold_263 27598
PRE_C_SIZE: scaffold_264 27567
PRE_C_SIZE: scaffold_265 27469
PRE_C_SIZE: scaffold_266 27396
PRE_C_SIZE: scaffold_267 27395
PRE_C_SIZE: scaffold_268 27391
PRE_C_SIZE: scaffold_269 27325
PRE_C_SIZE: scaffold_270 27266
PRE_C_SIZE: scaffold_271 27224
PRE_C_SIZE: scaffold_272 27218
PRE_C_SIZE: scaffold_273 27200
PRE_C_SIZE: scaffold_274 27190
PRE_C_SIZE: scaffold_275 27155
PRE_C_SIZE: scaffold_276 27073
PRE_C_SIZE: scaffold_277 27050
PRE_C_SIZE: scaffold_278 26985
PRE_C_SIZE: scaffold_279 26938
PRE_C_SIZE: scaffold_280 26888
PRE_C_SIZE: scaffold_281 26881
PRE_C_SIZE: scaffold_282 26872
PRE_C_SIZE: scaffold_283 26871
PRE_C_SIZE: scaffold_284 26791
PRE_C_SIZE: scaffold_285 26760
PRE_C_SIZE: scaffold_286 26659
PRE_C_SIZE: scaffold_287 26634
PRE_C_SIZE: scaffold_288 26598
PRE_C_SIZE: scaffold_289 26568
PRE_C_SIZE: scaffold_290 26565
PRE_C_SIZE: scaffold_291 26547
PRE_C_SIZE: scaffold_292 26523
PRE_C_SIZE: scaffold_293 26506
PRE_C_SIZE: scaffold_294 26403
PRE_C_SIZE: scaffold_295 26399
PRE_C_SIZE: scaffold_296 26257
PRE_C_SIZE: scaffold_297 26224
PRE_C_SIZE: scaffold_298 26186
PRE_C_SIZE: scaffold_299 26170
PRE_C_SIZE: scaffold_300 26166
PRE_C_SIZE: scaffold_301 26125
PRE_C_SIZE: scaffold_302 26106
PRE_C_SIZE: scaffold_303 26094
PRE_C_SIZE: scaffold_304 26072
PRE_C_SIZE: scaffold_305 26071
PRE_C_SIZE: scaffold_306 26054
PRE_C_SIZE: scaffold_307 26049
PRE_C_SIZE: scaffold_308 26009
PRE_C_SIZE: scaffold_309 26006
PRE_C_SIZE: scaffold_310 25993
PRE_C_SIZE: scaffold_311 25912
PRE_C_SIZE: scaffold_312 25907
PRE_C_SIZE: scaffold_313 25863
PRE_C_SIZE: scaffold_314 25852
PRE_C_SIZE: scaffold_315 25828
PRE_C_SIZE: scaffold_316 25812
PRE_C_SIZE: scaffold_317 25762
PRE_C_SIZE: scaffold_318 25761
PRE_C_SIZE: scaffold_319 25651
PRE_C_SIZE: scaffold_320 25590
PRE_C_SIZE: scaffold_321 25585
PRE_C_SIZE: scaffold_322 25522
PRE_C_SIZE: scaffold_323 25503
PRE_C_SIZE: scaffold_324 25498
PRE_C_SIZE: scaffold_325 25472
PRE_C_SIZE: scaffold_326 25472
PRE_C_SIZE: scaffold_327 25458
PRE_C_SIZE: scaffold_328 25434
PRE_C_SIZE: scaffold_329 25422
PRE_C_SIZE: scaffold_330 25420
PRE_C_SIZE: scaffold_331 25406
PRE_C_SIZE: scaffold_332 25392
PRE_C_SIZE: scaffold_333 25392
PRE_C_SIZE: scaffold_334 25365
PRE_C_SIZE: scaffold_335 25347
PRE_C_SIZE: scaffold_336 25326
PRE_C_SIZE: scaffold_337 25289
PRE_C_SIZE: scaffold_338 25282
PRE_C_SIZE: scaffold_339 25245
PRE_C_SIZE: scaffold_340 25229
PRE_C_SIZE: scaffold_341 25219
PRE_C_SIZE: scaffold_342 25190
PRE_C_SIZE: scaffold_343 25183
PRE_C_SIZE: scaffold_344 25169
PRE_C_SIZE: scaffold_345 25142
PRE_C_SIZE: scaffold_346 25138
PRE_C_SIZE: scaffold_347 25127
PRE_C_SIZE: scaffold_348 25103
PRE_C_SIZE: scaffold_349 25095
PRE_C_SIZE: scaffold_350 25082
PRE_C_SIZE: scaffold_351 25082
PRE_C_SIZE: scaffold_352 25058
PRE_C_SIZE: scaffold_353 25017
PRE_C_SIZE: scaffold_354 24972
PRE_C_SIZE: scaffold_355 24951
PRE_C_SIZE: scaffold_356 24946
PRE_C_SIZE: scaffold_357 24945
PRE_C_SIZE: scaffold_358 24925
PRE_C_SIZE: scaffold_359 24896
PRE_C_SIZE: scaffold_360 24863
PRE_C_SIZE: scaffold_361 24841
PRE_C_SIZE: scaffold_362 24827
PRE_C_SIZE: scaffold_363 24817
PRE_C_SIZE: scaffold_364 24807
PRE_C_SIZE: scaffold_365 24803
PRE_C_SIZE: scaffold_366 24766
PRE_C_SIZE: scaffold_367 24759
PRE_C_SIZE: scaffold_368 24746
PRE_C_SIZE: scaffold_369 24738
PRE_C_SIZE: scaffold_370 24701
PRE_C_SIZE: scaffold_371 24686
PRE_C_SIZE: scaffold_372 24678
PRE_C_SIZE: scaffold_373 24675
PRE_C_SIZE: scaffold_374 24637
PRE_C_SIZE: scaffold_375 24588
PRE_C_SIZE: scaffold_376 24578
PRE_C_SIZE: scaffold_377 24519
PRE_C_SIZE: scaffold_378 24506
PRE_C_SIZE: scaffold_379 24464
PRE_C_SIZE: scaffold_380 24457
PRE_C_SIZE: scaffold_381 24453
PRE_C_SIZE: scaffold_382 24398
PRE_C_SIZE: scaffold_383 24337
PRE_C_SIZE: scaffold_384 24304
PRE_C_SIZE: scaffold_385 24294
PRE_C_SIZE: scaffold_386 24275
PRE_C_SIZE: scaffold_387 24268
PRE_C_SIZE: scaffold_388 24230
PRE_C_SIZE: scaffold_389 24206
PRE_C_SIZE: scaffold_390 24114
PRE_C_SIZE: scaffold_391 24101
PRE_C_SIZE: scaffold_392 24063
PRE_C_SIZE: scaffold_393 24057
PRE_C_SIZE: scaffold_394 24056
PRE_C_SIZE: scaffold_395 24022
PRE_C_SIZE: scaffold_396 24014
PRE_C_SIZE: scaffold_397 23978
PRE_C_SIZE: scaffold_398 23865
PRE_C_SIZE: scaffold_399 23852
PRE_C_SIZE: scaffold_400 23807
PRE_C_SIZE: scaffold_401 23791
PRE_C_SIZE: scaffold_402 23780
PRE_C_SIZE: scaffold_403 23773
PRE_C_SIZE: scaffold_404 23772
PRE_C_SIZE: scaffold_405 23746
PRE_C_SIZE: scaffold_406 23717
PRE_C_SIZE: scaffold_407 23692
PRE_C_SIZE: scaffold_408 23687
PRE_C_SIZE: scaffold_409 23671
PRE_C_SIZE: scaffold_410 23668
PRE_C_SIZE: scaffold_411 23654
PRE_C_SIZE: scaffold_412 23642
PRE_C_SIZE: scaffold_413 23637
PRE_C_SIZE: scaffold_414 23622
PRE_C_SIZE: scaffold_415 23607
PRE_C_SIZE: scaffold_416 23604
PRE_C_SIZE: scaffold_417 23554
PRE_C_SIZE: scaffold_418 23535
PRE_C_SIZE: scaffold_419 23436
PRE_C_SIZE: scaffold_420 23435
PRE_C_SIZE: scaffold_421 23419
PRE_C_SIZE: scaffold_422 23386
PRE_C_SIZE: scaffold_423 23347
PRE_C_SIZE: scaffold_424 23343
PRE_C_SIZE: scaffold_425 23328
PRE_C_SIZE: scaffold_426 23316
PRE_C_SIZE: scaffold_427 23288
PRE_C_SIZE: scaffold_428 23286
PRE_C_SIZE: scaffold_429 23263
PRE_C_SIZE: scaffold_430 23259
PRE_C_SIZE: scaffold_431 23233
PRE_C_SIZE: scaffold_432 23161
PRE_C_SIZE: scaffold_433 23137
PRE_C_SIZE: scaffold_434 23131
PRE_C_SIZE: scaffold_435 23117
PRE_C_SIZE: scaffold_436 23113
PRE_C_SIZE: scaffold_437 23095
PRE_C_SIZE: scaffold_438 23057
PRE_C_SIZE: scaffold_439 23013
PRE_C_SIZE: scaffold_440 22980
PRE_C_SIZE: scaffold_441 22970
PRE_C_SIZE: scaffold_442 22963
PRE_C_SIZE: scaffold_443 22916
PRE_C_SIZE: scaffold_444 22878
PRE_C_SIZE: scaffold_445 22875
PRE_C_SIZE: scaffold_446 22861
PRE_C_SIZE: scaffold_447 22803
PRE_C_SIZE: scaffold_448 22803
PRE_C_SIZE: scaffold_449 22791
PRE_C_SIZE: scaffold_450 22784
PRE_C_SIZE: scaffold_451 22784
PRE_C_SIZE: scaffold_452 22783
PRE_C_SIZE: scaffold_453 22775
PRE_C_SIZE: scaffold_454 22718
PRE_C_SIZE: scaffold_455 22709
PRE_C_SIZE: scaffold_456 22704
PRE_C_SIZE: scaffold_457 22685
PRE_C_SIZE: scaffold_458 22665
PRE_C_SIZE: scaffold_459 22613
PRE_C_SIZE: scaffold_460 22534
PRE_C_SIZE: scaffold_461 22528
PRE_C_SIZE: scaffold_462 22506
PRE_C_SIZE: scaffold_463 22494
PRE_C_SIZE: scaffold_464 22464
PRE_C_SIZE: scaffold_465 22445
PRE_C_SIZE: scaffold_466 22440
PRE_C_SIZE: scaffold_467 22438
PRE_C_SIZE: scaffold_468 22433
PRE_C_SIZE: scaffold_469 22415
PRE_C_SIZE: scaffold_470 22415
PRE_C_SIZE: scaffold_471 22410
PRE_C_SIZE: scaffold_472 22378
PRE_C_SIZE: scaffold_473 22377
PRE_C_SIZE: scaffold_474 22356
PRE_C_SIZE: scaffold_475 22302
PRE_C_SIZE: scaffold_476 22300
PRE_C_SIZE: scaffold_477 22298
PRE_C_SIZE: scaffold_478 22296
PRE_C_SIZE: scaffold_479 22288
PRE_C_SIZE: scaffold_480 22201
PRE_C_SIZE: scaffold_481 22194
PRE_C_SIZE: scaffold_482 22189
PRE_C_SIZE: scaffold_483 22179
PRE_C_SIZE: scaffold_484 22121
PRE_C_SIZE: scaffold_485 22102
PRE_C_SIZE: scaffold_486 22085
PRE_C_SIZE: scaffold_487 22059
PRE_C_SIZE: scaffold_488 21969
PRE_C_SIZE: scaffold_489 21957
PRE_C_SIZE: scaffold_490 21930
PRE_C_SIZE: scaffold_491 21920
PRE_C_SIZE: scaffold_492 21896
PRE_C_SIZE: scaffold_493 21885
PRE_C_SIZE: scaffold_494 21838
PRE_C_SIZE: scaffold_495 21820
PRE_C_SIZE: scaffold_496 21813
PRE_C_SIZE: scaffold_497 21781
PRE_C_SIZE: scaffold_498 21781
PRE_C_SIZE: scaffold_499 21770
PRE_C_SIZE: scaffold_500 21742
PRE_C_SIZE: scaffold_501 21722
PRE_C_SIZE: scaffold_502 21717
PRE_C_SIZE: scaffold_503 21713
PRE_C_SIZE: scaffold_504 21674
PRE_C_SIZE: scaffold_505 21673
PRE_C_SIZE: scaffold_506 21668
PRE_C_SIZE: scaffold_507 21655
PRE_C_SIZE: scaffold_508 21650
PRE_C_SIZE: scaffold_509 21641
PRE_C_SIZE: scaffold_510 21639
PRE_C_SIZE: scaffold_511 21622
PRE_C_SIZE: scaffold_512 21585
PRE_C_SIZE: scaffold_513 21577
PRE_C_SIZE: scaffold_514 21575
PRE_C_SIZE: scaffold_515 21560
PRE_C_SIZE: scaffold_516 21533
PRE_C_SIZE: scaffold_517 21531
PRE_C_SIZE: scaffold_518 21490
PRE_C_SIZE: scaffold_519 21486
PRE_C_SIZE: scaffold_520 21480
PRE_C_SIZE: scaffold_521 21411
PRE_C_SIZE: scaffold_522 21404
PRE_C_SIZE: scaffold_523 21363
PRE_C_SIZE: scaffold_524 21352
PRE_C_SIZE: scaffold_525 21343
PRE_C_SIZE: scaffold_526 21335
PRE_C_SIZE: scaffold_527 21333
PRE_C_SIZE: scaffold_528 21325
PRE_C_SIZE: scaffold_529 21274
PRE_C_SIZE: scaffold_530 21261
PRE_C_SIZE: scaffold_531 21254
PRE_C_SIZE: scaffold_532 21217
PRE_C_SIZE: scaffold_533 21174
PRE_C_SIZE: scaffold_534 21145
PRE_C_SIZE: scaffold_535 21121
PRE_C_SIZE: scaffold_536 21075
PRE_C_SIZE: scaffold_537 21069
PRE_C_SIZE: scaffold_538 21049
PRE_C_SIZE: scaffold_539 21029
PRE_C_SIZE: scaffold_540 20998
PRE_C_SIZE: scaffold_541 20973
PRE_C_SIZE: scaffold_542 20970
PRE_C_SIZE: scaffold_543 20912
PRE_C_SIZE: scaffold_544 20891
PRE_C_SIZE: scaffold_545 20885
PRE_C_SIZE: scaffold_546 20883
PRE_C_SIZE: scaffold_547 20876
PRE_C_SIZE: scaffold_548 20876
PRE_C_SIZE: scaffold_549 20856
PRE_C_SIZE: scaffold_550 20823
PRE_C_SIZE: scaffold_551 20812
PRE_C_SIZE: scaffold_552 20803
PRE_C_SIZE: scaffold_553 20794
PRE_C_SIZE: scaffold_554 20781
PRE_C_SIZE: scaffold_555 20774
PRE_C_SIZE: scaffold_556 20762
PRE_C_SIZE: scaffold_557 20762
PRE_C_SIZE: scaffold_558 20758
PRE_C_SIZE: scaffold_559 20751
PRE_C_SIZE: scaffold_560 20734
PRE_C_SIZE: scaffold_561 20722
PRE_C_SIZE: scaffold_562 20718
PRE_C_SIZE: scaffold_563 20707
PRE_C_SIZE: scaffold_564 20707
PRE_C_SIZE: scaffold_565 20706
PRE_C_SIZE: scaffold_566 20703
PRE_C_SIZE: scaffold_567 20700
PRE_C_SIZE: scaffold_568 20700
PRE_C_SIZE: scaffold_569 20663
PRE_C_SIZE: scaffold_570 20660
PRE_C_SIZE: scaffold_571 20644
PRE_C_SIZE: scaffold_572 20641
PRE_C_SIZE: scaffold_573 20624
PRE_C_SIZE: scaffold_574 20614
PRE_C_SIZE: scaffold_575 20562
PRE_C_SIZE: scaffold_576 20533
PRE_C_SIZE: scaffold_577 20520
PRE_C_SIZE: scaffold_578 20500
PRE_C_SIZE: scaffold_579 20486
PRE_C_SIZE: scaffold_580 20459
PRE_C_SIZE: scaffold_581 20455
PRE_C_SIZE: scaffold_582 20448
PRE_C_SIZE: scaffold_583 20414
PRE_C_SIZE: scaffold_584 20394
PRE_C_SIZE: scaffold_585 20365
PRE_C_SIZE: scaffold_586 20350
PRE_C_SIZE: scaffold_587 20344
PRE_C_SIZE: scaffold_588 20343
PRE_C_SIZE: scaffold_589 20336
PRE_C_SIZE: scaffold_590 20336
PRE_C_SIZE: scaffold_591 20308
PRE_C_SIZE: scaffold_592 20293
PRE_C_SIZE: scaffold_593 20289
PRE_C_SIZE: scaffold_594 20261
PRE_C_SIZE: scaffold_595 20255
PRE_C_SIZE: scaffold_596 20251
PRE_C_SIZE: scaffold_597 20251
PRE_C_SIZE: scaffold_598 20240
PRE_C_SIZE: scaffold_599 20215
PRE_C_SIZE: scaffold_600 20210
PRE_C_SIZE: scaffold_601 20201
PRE_C_SIZE: scaffold_602 20176
PRE_C_SIZE: scaffold_603 20174
PRE_C_SIZE: scaffold_604 20143
PRE_C_SIZE: scaffold_605 20131
PRE_C_SIZE: scaffold_606 20114
PRE_C_SIZE: scaffold_607 20111
PRE_C_SIZE: scaffold_608 20105
PRE_C_SIZE: scaffold_609 20086
PRE_C_SIZE: scaffold_610 20078
PRE_C_SIZE: scaffold_611 20071
PRE_C_SIZE: scaffold_612 20062
PRE_C_SIZE: scaffold_613 20053
PRE_C_SIZE: scaffold_614 20053
PRE_C_SIZE: scaffold_615 20042
PRE_C_SIZE: scaffold_616 20000
PRE_C_SIZE: scaffold_617 20000
PRE_C_SIZE: scaffold_618 19985
PRE_C_SIZE: scaffold_619 19981
PRE_C_SIZE: scaffold_620 19980
PRE_C_SIZE: scaffold_621 19933
PRE_C_SIZE: scaffold_622 19925
PRE_C_SIZE: scaffold_623 19911
PRE_C_SIZE: scaffold_624 19902
PRE_C_SIZE: scaffold_625 19890
PRE_C_SIZE: scaffold_626 19874
PRE_C_SIZE: scaffold_627 19873
PRE_C_SIZE: scaffold_628 19868
PRE_C_SIZE: scaffold_629 19864
PRE_C_SIZE: scaffold_630 19853
PRE_C_SIZE: scaffold_631 19839
PRE_C_SIZE: scaffold_632 19839
PRE_C_SIZE: scaffold_633 19798
PRE_C_SIZE: scaffold_634 19782
PRE_C_SIZE: scaffold_635 19780
PRE_C_SIZE: scaffold_636 19773
PRE_C_SIZE: scaffold_637 19766
PRE_C_SIZE: scaffold_638 19735
PRE_C_SIZE: scaffold_639 19734
PRE_C_SIZE: scaffold_640 19657
PRE_C_SIZE: scaffold_641 19654
PRE_C_SIZE: scaffold_642 19648
PRE_C_SIZE: scaffold_643 19639
PRE_C_SIZE: scaffold_644 19602
PRE_C_SIZE: scaffold_645 19592
PRE_C_SIZE: scaffold_646 19589
PRE_C_SIZE: scaffold_647 19554
PRE_C_SIZE: scaffold_648 19512
PRE_C_SIZE: scaffold_649 19495
PRE_C_SIZE: scaffold_650 19490
PRE_C_SIZE: scaffold_651 19426
PRE_C_SIZE: scaffold_652 19417
PRE_C_SIZE: scaffold_653 19413
PRE_C_SIZE: scaffold_654 19410
PRE_C_SIZE: scaffold_655 19358
PRE_C_SIZE: scaffold_656 19353
PRE_C_SIZE: scaffold_657 19309
PRE_C_SIZE: scaffold_658 19306
PRE_C_SIZE: scaffold_659 19305
PRE_C_SIZE: scaffold_660 19288
PRE_C_SIZE: scaffold_661 19285
PRE_C_SIZE: scaffold_662 19262
PRE_C_SIZE: scaffold_663 19242
PRE_C_SIZE: scaffold_664 19232
PRE_C_SIZE: scaffold_665 19230
PRE_C_SIZE: scaffold_666 19214
PRE_C_SIZE: scaffold_667 19200
PRE_C_SIZE: scaffold_668 19167
PRE_C_SIZE: scaffold_669 19149
PRE_C_SIZE: scaffold_670 19119
PRE_C_SIZE: scaffold_671 19111
PRE_C_SIZE: scaffold_672 19108
PRE_C_SIZE: scaffold_673 19088
PRE_C_SIZE: scaffold_674 19067
PRE_C_SIZE: scaffold_675 18990
PRE_C_SIZE: scaffold_676 18902
PRE_C_SIZE: scaffold_677 18900
PRE_C_SIZE: scaffold_678 18900
PRE_C_SIZE: scaffold_679 18808
PRE_C_SIZE: scaffold_680 18745
PRE_C_SIZE: scaffold_681 18735
PRE_C_SIZE: scaffold_682 18732
PRE_C_SIZE: scaffold_683 18728
PRE_C_SIZE: scaffold_684 18721
PRE_C_SIZE: scaffold_685 18697
PRE_C_SIZE: scaffold_686 18692
PRE_C_SIZE: scaffold_687 18660
PRE_C_SIZE: scaffold_688 18640
PRE_C_SIZE: scaffold_689 18629
PRE_C_SIZE: scaffold_690 18588
PRE_C_SIZE: scaffold_691 18563
PRE_C_SIZE: scaffold_692 18557
PRE_C_SIZE: scaffold_693 18547
PRE_C_SIZE: scaffold_694 18502
PRE_C_SIZE: scaffold_695 18482
PRE_C_SIZE: scaffold_696 18439
PRE_C_SIZE: scaffold_697 18404
PRE_C_SIZE: scaffold_698 18358
PRE_C_SIZE: scaffold_699 18352
PRE_C_SIZE: scaffold_700 18330
PRE_C_SIZE: scaffold_701 18325
PRE_C_SIZE: scaffold_702 18296
PRE_C_SIZE: scaffold_703 18267
PRE_C_SIZE: scaffold_704 18255
PRE_C_SIZE: scaffold_705 18251
PRE_C_SIZE: scaffold_706 18225
PRE_C_SIZE: scaffold_707 18218
PRE_C_SIZE: scaffold_708 18218
PRE_C_SIZE: scaffold_709 18196
PRE_C_SIZE: scaffold_710 18188
PRE_C_SIZE: scaffold_711 18154
PRE_C_SIZE: scaffold_712 18152
PRE_C_SIZE: scaffold_713 18147
PRE_C_SIZE: scaffold_714 18130
PRE_C_SIZE: scaffold_715 18116
PRE_C_SIZE: scaffold_716 18103
PRE_C_SIZE: scaffold_717 18094
PRE_C_SIZE: scaffold_718 18090
PRE_C_SIZE: scaffold_719 18090
PRE_C_SIZE: scaffold_720 18086
PRE_C_SIZE: scaffold_721 18058
PRE_C_SIZE: scaffold_722 18056
PRE_C_SIZE: scaffold_723 18054
PRE_C_SIZE: scaffold_724 18049
PRE_C_SIZE: scaffold_725 18035
PRE_C_SIZE: scaffold_726 18018
PRE_C_SIZE: scaffold_727 17985
PRE_C_SIZE: scaffold_728 17904
PRE_C_SIZE: scaffold_729 17889
PRE_C_SIZE: scaffold_730 17884
PRE_C_SIZE: scaffold_731 17874
PRE_C_SIZE: scaffold_732 17867
PRE_C_SIZE: scaffold_733 17844
PRE_C_SIZE: scaffold_734 17801
PRE_C_SIZE: scaffold_735 17793
PRE_C_SIZE: scaffold_736 17790
PRE_C_SIZE: scaffold_737 17787
PRE_C_SIZE: scaffold_738 17783
PRE_C_SIZE: scaffold_739 17758
PRE_C_SIZE: scaffold_740 17754
PRE_C_SIZE: scaffold_741 17698
PRE_C_SIZE: scaffold_742 17689
PRE_C_SIZE: scaffold_743 17686
PRE_C_SIZE: scaffold_744 17682
PRE_C_SIZE: scaffold_745 17679
PRE_C_SIZE: scaffold_746 17642
PRE_C_SIZE: scaffold_747 17638
PRE_C_SIZE: scaffold_748 17623
PRE_C_SIZE: scaffold_749 17599
PRE_C_SIZE: scaffold_750 17564
PRE_C_SIZE: scaffold_751 17506
PRE_C_SIZE: scaffold_752 17442
PRE_C_SIZE: scaffold_753 17427
PRE_C_SIZE: scaffold_754 17425
PRE_C_SIZE: scaffold_755 17415
PRE_C_SIZE: scaffold_756 17397
PRE_C_SIZE: scaffold_757 17380
PRE_C_SIZE: scaffold_758 17378
PRE_C_SIZE: scaffold_759 17373
PRE_C_SIZE: scaffold_760 17372
PRE_C_SIZE: scaffold_761 17353
PRE_C_SIZE: scaffold_762 17316
PRE_C_SIZE: scaffold_763 17293
PRE_C_SIZE: scaffold_764 17244
PRE_C_SIZE: scaffold_765 17215
PRE_C_SIZE: scaffold_766 17201
PRE_C_SIZE: scaffold_767 17173
PRE_C_SIZE: scaffold_768 17147
PRE_C_SIZE: scaffold_769 17146
PRE_C_SIZE: scaffold_770 17136
PRE_C_SIZE: scaffold_771 17129
PRE_C_SIZE: scaffold_772 17121
PRE_C_SIZE: scaffold_773 17115
PRE_C_SIZE: scaffold_774 17094
PRE_C_SIZE: scaffold_775 17062
PRE_C_SIZE: scaffold_776 17056
PRE_C_SIZE: scaffold_777 17055
PRE_C_SIZE: scaffold_778 17031
PRE_C_SIZE: scaffold_779 17029
PRE_C_SIZE: scaffold_780 17020
PRE_C_SIZE: scaffold_781 17014
PRE_C_SIZE: scaffold_782 17012
PRE_C_SIZE: scaffold_783 17007
PRE_C_SIZE: scaffold_784 17000
PRE_C_SIZE: scaffold_785 16998
PRE_C_SIZE: scaffold_786 16997
PRE_C_SIZE: scaffold_787 16969
PRE_C_SIZE: scaffold_788 16969
PRE_C_SIZE: scaffold_789 16957
PRE_C_SIZE: scaffold_790 16937
PRE_C_SIZE: scaffold_791 16925
PRE_C_SIZE: scaffold_792 16916
PRE_C_SIZE: scaffold_793 16899
PRE_C_SIZE: scaffold_794 16895
PRE_C_SIZE: scaffold_795 16883
PRE_C_SIZE: scaffold_796 16857
PRE_C_SIZE: scaffold_797 16812
PRE_C_SIZE: scaffold_798 16805
PRE_C_SIZE: scaffold_799 16783
PRE_C_SIZE: scaffold_800 16767
PRE_C_SIZE: scaffold_801 16752
PRE_C_SIZE: scaffold_802 16689
PRE_C_SIZE: scaffold_803 16662
PRE_C_SIZE: scaffold_804 16654
PRE_C_SIZE: scaffold_805 16566
PRE_C_SIZE: scaffold_806 16564
PRE_C_SIZE: scaffold_807 16562
PRE_C_SIZE: scaffold_808 16525
PRE_C_SIZE: scaffold_809 16498
PRE_C_SIZE: scaffold_810 16494
PRE_C_SIZE: scaffold_811 16486
PRE_C_SIZE: scaffold_812 16485
PRE_C_SIZE: scaffold_813 16448
PRE_C_SIZE: scaffold_814 16386
PRE_C_SIZE: scaffold_815 16383
PRE_C_SIZE: scaffold_816 16350
PRE_C_SIZE: scaffold_817 16319
PRE_C_SIZE: scaffold_818 16317
PRE_C_SIZE: scaffold_819 16308
PRE_C_SIZE: scaffold_820 16303
PRE_C_SIZE: scaffold_821 16292
PRE_C_SIZE: scaffold_822 16275
PRE_C_SIZE: scaffold_823 16246
PRE_C_SIZE: scaffold_824 16242
PRE_C_SIZE: scaffold_825 16202
PRE_C_SIZE: scaffold_826 16185
PRE_C_SIZE: scaffold_827 16158
PRE_C_SIZE: scaffold_828 16154
PRE_C_SIZE: scaffold_829 16130
PRE_C_SIZE: scaffold_830 16112
PRE_C_SIZE: scaffold_831 16099
PRE_C_SIZE: scaffold_832 16080
PRE_C_SIZE: scaffold_833 16038
PRE_C_SIZE: scaffold_834 16008
PRE_C_SIZE: scaffold_835 15962
PRE_C_SIZE: scaffold_836 15951
PRE_C_SIZE: scaffold_837 15924
PRE_C_SIZE: scaffold_838 15907
PRE_C_SIZE: scaffold_839 15904
PRE_C_SIZE: scaffold_840 15850
PRE_C_SIZE: scaffold_841 15842
PRE_C_SIZE: scaffold_842 15799
PRE_C_SIZE: scaffold_843 15774
PRE_C_SIZE: scaffold_844 15754
PRE_C_SIZE: scaffold_845 15731
PRE_C_SIZE: scaffold_846 15707
PRE_C_SIZE: scaffold_847 15658
PRE_C_SIZE: scaffold_848 15649
PRE_C_SIZE: scaffold_849 15649
PRE_C_SIZE: scaffold_850 15644
PRE_C_SIZE: scaffold_851 15625
PRE_C_SIZE: scaffold_852 15622
PRE_C_SIZE: scaffold_853 15588
PRE_C_SIZE: scaffold_854 15576
PRE_C_SIZE: scaffold_855 15569
PRE_C_SIZE: scaffold_856 15538
PRE_C_SIZE: scaffold_857 15454
PRE_C_SIZE: scaffold_858 15437
PRE_C_SIZE: scaffold_859 15423
PRE_C_SIZE: scaffold_860 15395
PRE_C_SIZE: scaffold_861 15375
PRE_C_SIZE: scaffold_862 15342
PRE_C_SIZE: scaffold_863 15339
PRE_C_SIZE: scaffold_864 15286
PRE_C_SIZE: scaffold_865 15255
PRE_C_SIZE: scaffold_866 15233
PRE_C_SIZE: scaffold_867 15226
PRE_C_SIZE: scaffold_868 15213
PRE_C_SIZE: scaffold_869 15210
PRE_C_SIZE: scaffold_870 15189
PRE_C_SIZE: scaffold_871 15154
PRE_C_SIZE: scaffold_872 15129
PRE_C_SIZE: scaffold_873 15084
PRE_C_SIZE: scaffold_874 15077
PRE_C_SIZE: scaffold_875 15068
PRE_C_SIZE: scaffold_876 15065
PRE_C_SIZE: scaffold_877 15054
PRE_C_SIZE: scaffold_878 15043
PRE_C_SIZE: scaffold_879 15014
PRE_C_SIZE: scaffold_880 15000
PRE_C_SIZE: scaffold_881 14993
PRE_C_SIZE: scaffold_882 14977
PRE_C_SIZE: scaffold_883 14971
PRE_C_SIZE: scaffold_884 14960
PRE_C_SIZE: scaffold_885 14893
PRE_C_SIZE: scaffold_886 14882
PRE_C_SIZE: scaffold_887 14851
PRE_C_SIZE: scaffold_888 14847
PRE_C_SIZE: scaffold_889 14777
PRE_C_SIZE: scaffold_890 14752
PRE_C_SIZE: scaffold_891 14713
PRE_C_SIZE: scaffold_892 14701
PRE_C_SIZE: scaffold_893 14690
PRE_C_SIZE: scaffold_894 14680
PRE_C_SIZE: scaffold_895 14638
PRE_C_SIZE: scaffold_896 14599
PRE_C_SIZE: scaffold_897 14544
PRE_C_SIZE: scaffold_898 14515
PRE_C_SIZE: scaffold_899 14500
PRE_C_SIZE: scaffold_900 14460
PRE_C_SIZE: scaffold_901 14453
PRE_C_SIZE: scaffold_902 14449
PRE_C_SIZE: scaffold_903 14417
PRE_C_SIZE: scaffold_904 14394
PRE_C_SIZE: scaffold_905 14381
PRE_C_SIZE: scaffold_906 14232
PRE_C_SIZE: scaffold_907 14223
PRE_C_SIZE: scaffold_908 14194
PRE_C_SIZE: scaffold_909 14115
PRE_C_SIZE: scaffold_910 14110
PRE_C_SIZE: scaffold_911 14080
PRE_C_SIZE: scaffold_912 14038
PRE_C_SIZE: scaffold_913 14014
PRE_C_SIZE: scaffold_914 13993
PRE_C_SIZE: scaffold_915 13992
PRE_C_SIZE: scaffold_916 13953
PRE_C_SIZE: scaffold_917 13937
PRE_C_SIZE: scaffold_918 13830
PRE_C_SIZE: scaffold_919 13827
PRE_C_SIZE: scaffold_920 13770
PRE_C_SIZE: scaffold_921 13730
PRE_C_SIZE: scaffold_922 13693
PRE_C_SIZE: scaffold_923 13671
PRE_C_SIZE: scaffold_924 13582
PRE_C_SIZE: scaffold_925 13579
PRE_C_SIZE: scaffold_926 13576
PRE_C_SIZE: scaffold_927 13530
PRE_C_SIZE: scaffold_928 13364
PRE_C_SIZE: scaffold_929 13347
PRE_C_SIZE: scaffold_930 13334
PRE_C_SIZE: scaffold_931 13214
PRE_C_SIZE: scaffold_932 13204
PRE_C_SIZE: scaffold_933 13194
PRE_C_SIZE: scaffold_934 13184
PRE_C_SIZE: scaffold_935 13131
PRE_C_SIZE: scaffold_936 13027
PRE_C_SIZE: scaffold_937 12918
PRE_C_SIZE: scaffold_938 12800
PRE_C_SIZE: scaffold_939 12769
PRE_C_SIZE: scaffold_940 12677
PRE_C_SIZE: scaffold_941 12564
PRE_C_SIZE: scaffold_942 12360
PRE_C_SIZE: scaffold_943 12289
PRE_C_SIZE: scaffold_944 12263
PRE_C_SIZE: scaffold_945 12191
PRE_C_SIZE: scaffold_946 12187
PRE_C_SIZE: scaffold_947 12140
PRE_C_SIZE: scaffold_948 11924
PRE_C_SIZE: scaffold_949 11688
PRE_C_SIZE: scaffold_950 11688
PRE_C_SIZE: scaffold_951 11427
PRE_C_SIZE: scaffold_952 11417
PRE_C_SIZE: scaffold_953 11007
PRE_C_SIZE: scaffold_954 10986
PRE_C_SIZE: scaffold_955 10885
PRE_C_SIZE: scaffold_956 10464
PRE_C_SIZE: scaffold_957 10409
PRE_C_SIZE: scaffold_958 10211
PRE_C_SIZE: scaffold_959 10075
PRE_C_SIZE: scaffold_960 9821
PRE_C_SIZE: scaffold_961 9479
PRE_C_SIZE: scaffold_962 5955
PRE_C_SIZE: scaffold_963 4000
PRE_C_SIZE: scaffold_964 4000
PRE_C_SIZE: scaffold_965 3000
PRE_C_SIZE: scaffold_966 3000
PRE_C_SIZE: scaffold_967 3000
PRE_C_SIZE: scaffold_968 2850
PRE_C_SIZE: scaffold_969 2000
PRE_C_SIZE: scaffold_970 2000
PRE_C_SIZE: scaffold_971 2000
PRE_C_SIZE: scaffold_972 2000
PRE_C_SIZE: scaffold_973 1000
PRE_C_SIZE: scaffold_974 1000
PRE_C_SIZE: scaffold_975 1000
PRE_C_SIZE: scaffold_976 1000
PRE_C_SIZE: scaffold_977 1000
PRE_C_SIZE: scaffold_978 1000
PRE_C_SIZE: scaffold_979 1000
PRE_C_SIZE: scaffold_980 1000
PRE_C_SIZE: scaffold_981 1000
[I::main_pre] Version: 1.1
[I::main_pre] CMD: juicer pre yahs.out.bin yahs.out_scaffolds_final.agp ../STpurged.fa.fai
[I::main_pre] Real time: 76.982 sec; CPU: 32.408 sec; Peak RSS: 0.001 GB
