[I::main] dump hic links (BAM) to binary file yahs.out.bin
[I::dump_links_from_bam_file] 1 million records processed, 500179 read pairs 
[I::dump_links_from_bam_file] 2 million records processed, 1000196 read pairs 
[I::dump_links_from_bam_file] 3 million records processed, 1500225 read pairs 
[I::dump_links_from_bam_file] 4 million records processed, 2000343 read pairs 
[I::dump_links_from_bam_file] 5 million records processed, 2500686 read pairs 
[I::dump_links_from_bam_file] 6 million records processed, 3000758 read pairs 
[I::dump_links_from_bam_file] 7 million records processed, 3500861 read pairs 
[I::dump_links_from_bam_file] 8 million records processed, 4000793 read pairs 
[I::dump_links_from_bam_file] 9 million records processed, 4500698 read pairs 
[I::dump_links_from_bam_file] 10 million records processed, 5000805 read pairs 
[I::dump_links_from_bam_file] 11 million records processed, 5500753 read pairs 
[I::dump_links_from_bam_file] 12 million records processed, 6000592 read pairs 
[I::dump_links_from_bam_file] 13 million records processed, 6500322 read pairs 
[I::dump_links_from_bam_file] 14 million records processed, 7000386 read pairs 
[I::dump_links_from_bam_file] 15 million records processed, 7500203 read pairs 
[I::dump_links_from_bam_file] 16 million records processed, 8000249 read pairs 
[I::dump_links_from_bam_file] 17 million records processed, 8500329 read pairs 
[I::dump_links_from_bam_file] 18 million records processed, 9000149 read pairs 
[I::dump_links_from_bam_file] 19 million records processed, 9500178 read pairs 
[I::dump_links_from_bam_file] 20 million records processed, 10000183 read pairs 
[I::dump_links_from_bam_file] 21 million records processed, 10499917 read pairs 
[I::dump_links_from_bam_file] 22 million records processed, 10999788 read pairs 
[I::dump_links_from_bam_file] 23 million records processed, 11499615 read pairs 
[I::dump_links_from_bam_file] 24 million records processed, 11999775 read pairs 
[I::dump_links_from_bam_file] 25 million records processed, 12499706 read pairs 
[I::dump_links_from_bam_file] 26 million records processed, 12999682 read pairs 
[I::dump_links_from_bam_file] 27 million records processed, 13499669 read pairs 
[I::dump_links_from_bam_file] 28 million records processed, 13999765 read pairs 
[I::dump_links_from_bam_file] 29 million records processed, 14499948 read pairs 
[I::dump_links_from_bam_file] 30 million records processed, 14999881 read pairs 
[I::dump_links_from_bam_file] 31 million records processed, 15500009 read pairs 
[I::dump_links_from_bam_file] 32 million records processed, 15999937 read pairs 
[I::dump_links_from_bam_file] 33 million records processed, 16500105 read pairs 
[I::dump_links_from_bam_file] 34 million records processed, 17000140 read pairs 
[I::dump_links_from_bam_file] 35 million records processed, 17500165 read pairs 
[I::dump_links_from_bam_file] 36 million records processed, 18000245 read pairs 
[I::dump_links_from_bam_file] 37 million records processed, 18500186 read pairs 
[I::dump_links_from_bam_file] 38 million records processed, 19000207 read pairs 
[I::dump_links_from_bam_file] 39 million records processed, 19500195 read pairs 
[I::dump_links_from_bam_file] 40 million records processed, 19999909 read pairs 
[I::dump_links_from_bam_file] 41 million records processed, 20499853 read pairs 
[I::dump_links_from_bam_file] 42 million records processed, 20999624 read pairs 
[I::dump_links_from_bam_file] 43 million records processed, 21499576 read pairs 
[I::dump_links_from_bam_file] 44 million records processed, 21999654 read pairs 
[I::dump_links_from_bam_file] 45 million records processed, 22499481 read pairs 
[I::dump_links_from_bam_file] 46 million records processed, 22999421 read pairs 
[I::dump_links_from_bam_file] 47 million records processed, 23499196 read pairs 
[I::dump_links_from_bam_file] 48 million records processed, 23999081 read pairs 
[I::dump_links_from_bam_file] 49 million records processed, 24498949 read pairs 
[I::dump_links_from_bam_file] 50 million records processed, 24998912 read pairs 
[I::dump_links_from_bam_file] 51 million records processed, 25499093 read pairs 
[I::dump_links_from_bam_file] 52 million records processed, 25999315 read pairs 
[I::dump_links_from_bam_file] 53 million records processed, 26499092 read pairs 
[I::dump_links_from_bam_file] 54 million records processed, 26999118 read pairs 
[I::dump_links_from_bam_file] 55 million records processed, 27498933 read pairs 
[I::dump_links_from_bam_file] 56 million records processed, 27998969 read pairs 
[I::dump_links_from_bam_file] 57 million records processed, 28498907 read pairs 
[I::dump_links_from_bam_file] 58 million records processed, 28998716 read pairs 
[I::dump_links_from_bam_file] 59 million records processed, 29498998 read pairs 
[I::dump_links_from_bam_file] 60 million records processed, 29998903 read pairs 
[I::dump_links_from_bam_file] 61 million records processed, 30499031 read pairs 
[I::dump_links_from_bam_file] 62 million records processed, 30999189 read pairs 
[I::dump_links_from_bam_file] 63 million records processed, 31499208 read pairs 
[I::dump_links_from_bam_file] 64 million records processed, 31998973 read pairs 
[I::dump_links_from_bam_file] 65 million records processed, 32498772 read pairs 
[I::dump_links_from_bam_file] 66 million records processed, 32998503 read pairs 
[I::dump_links_from_bam_file] 67 million records processed, 33498845 read pairs 
[I::dump_links_from_bam_file] 68 million records processed, 33998915 read pairs 
[I::dump_links_from_bam_file] 69 million records processed, 34499016 read pairs 
[I::dump_links_from_bam_file] 70 million records processed, 34998856 read pairs 
[I::dump_links_from_bam_file] 71 million records processed, 35498760 read pairs 
[I::dump_links_from_bam_file] 72 million records processed, 35998336 read pairs 
[I::dump_links_from_bam_file] 73 million records processed, 36498145 read pairs 
[I::dump_links_from_bam_file] 74 million records processed, 36998120 read pairs 
[I::dump_links_from_bam_file] 75 million records processed, 37498076 read pairs 
[I::dump_links_from_bam_file] 76 million records processed, 37997913 read pairs 
[I::dump_links_from_bam_file] 77 million records processed, 38498114 read pairs 
[I::dump_links_from_bam_file] 78 million records processed, 38997938 read pairs 
[I::dump_links_from_bam_file] 79 million records processed, 39498022 read pairs 
[I::dump_links_from_bam_file] 80 million records processed, 39997954 read pairs 
[I::dump_links_from_bam_file] 81 million records processed, 40497906 read pairs 
[I::dump_links_from_bam_file] 82 million records processed, 40998002 read pairs 
[I::dump_links_from_bam_file] 83 million records processed, 41498001 read pairs 
[I::dump_links_from_bam_file] 84 million records processed, 41997974 read pairs 
[I::dump_links_from_bam_file] 85 million records processed, 42498011 read pairs 
[I::dump_links_from_bam_file] 86 million records processed, 42997826 read pairs 
[I::dump_links_from_bam_file] 87 million records processed, 43497551 read pairs 
[I::dump_links_from_bam_file] 88 million records processed, 43997433 read pairs 
[I::dump_links_from_bam_file] 89 million records processed, 44497423 read pairs 
[I::dump_links_from_bam_file] 90 million records processed, 44997206 read pairs 
[I::dump_links_from_bam_file] 91 million records processed, 45497036 read pairs 
[I::dump_links_from_bam_file] 92 million records processed, 45996633 read pairs 
[I::dump_links_from_bam_file] 93 million records processed, 46496548 read pairs 
[I::dump_links_from_bam_file] 94 million records processed, 46996782 read pairs 
[I::dump_links_from_bam_file] 95 million records processed, 47496823 read pairs 
[I::dump_links_from_bam_file] 96 million records processed, 47996693 read pairs 
[I::dump_links_from_bam_file] 97 million records processed, 48496710 read pairs 
[I::dump_links_from_bam_file] 98 million records processed, 48996897 read pairs 
[I::dump_links_from_bam_file] 99 million records processed, 49496922 read pairs 
[I::dump_links_from_bam_file] 100 million records processed, 49997157 read pairs 
[I::dump_links_from_bam_file] 101 million records processed, 50496920 read pairs 
[I::dump_links_from_bam_file] 102 million records processed, 50996942 read pairs 
[I::dump_links_from_bam_file] 103 million records processed, 51497145 read pairs 
[I::dump_links_from_bam_file] 104 million records processed, 51997094 read pairs 
[I::dump_links_from_bam_file] 105 million records processed, 52497025 read pairs 
[I::dump_links_from_bam_file] 106 million records processed, 52996533 read pairs 
[I::dump_links_from_bam_file] 107 million records processed, 53496686 read pairs 
[I::dump_links_from_bam_file] 108 million records processed, 53996422 read pairs 
[I::dump_links_from_bam_file] 109 million records processed, 54496084 read pairs 
[I::dump_links_from_bam_file] 110 million records processed, 54996022 read pairs 
[I::dump_links_from_bam_file] 111 million records processed, 55496209 read pairs 
[I::dump_links_from_bam_file] 112 million records processed, 55996227 read pairs 
[I::dump_links_from_bam_file] 113 million records processed, 56496313 read pairs 
[I::dump_links_from_bam_file] 114 million records processed, 56996379 read pairs 
[I::dump_links_from_bam_file] 115 million records processed, 57496572 read pairs 
[I::dump_links_from_bam_file] 116 million records processed, 57996387 read pairs 
[I::dump_links_from_bam_file] 117 million records processed, 58496296 read pairs 
[I::dump_links_from_bam_file] 118 million records processed, 58996506 read pairs 
[I::dump_links_from_bam_file] 119 million records processed, 59496728 read pairs 
[I::dump_links_from_bam_file] 120 million records processed, 59996726 read pairs 
[I::dump_links_from_bam_file] 121 million records processed, 60496581 read pairs 
[I::dump_links_from_bam_file] 122 million records processed, 60996769 read pairs 
[I::dump_links_from_bam_file] 123 million records processed, 61496681 read pairs 
[I::dump_links_from_bam_file] 124 million records processed, 61996558 read pairs 
[I::dump_links_from_bam_file] 125 million records processed, 62496752 read pairs 
[I::dump_links_from_bam_file] 126 million records processed, 62996770 read pairs 
[I::dump_links_from_bam_file] 127 million records processed, 63496574 read pairs 
[I::dump_links_from_bam_file] 128 million records processed, 63996532 read pairs 
[I::dump_links_from_bam_file] 129 million records processed, 64496824 read pairs 
[I::dump_links_from_bam_file] 130 million records processed, 64997019 read pairs 
[I::dump_links_from_bam_file] 131 million records processed, 65497042 read pairs 
[I::dump_links_from_bam_file] 132 million records processed, 65997197 read pairs 
[I::dump_links_from_bam_file] 133 million records processed, 66497208 read pairs 
[I::dump_links_from_bam_file] 134 million records processed, 66997399 read pairs 
[I::dump_links_from_bam_file] 135 million records processed, 67497293 read pairs 
[I::dump_links_from_bam_file] 136 million records processed, 67997425 read pairs 
[I::dump_links_from_bam_file] 137 million records processed, 68497282 read pairs 
[I::dump_links_from_bam_file] 138 million records processed, 68997410 read pairs 
[I::dump_links_from_bam_file] 139 million records processed, 69497699 read pairs 
[I::dump_links_from_bam_file] 140 million records processed, 69997706 read pairs 
[I::dump_links_from_bam_file] 141 million records processed, 70497952 read pairs 
[I::dump_links_from_bam_file] 142 million records processed, 70997807 read pairs 
[I::dump_links_from_bam_file] 143 million records processed, 71498116 read pairs 
[I::dump_links_from_bam_file] 144 million records processed, 71998203 read pairs 
[I::dump_links_from_bam_file] 145 million records processed, 72498369 read pairs 
[I::dump_links_from_bam_file] 146 million records processed, 72998793 read pairs 
[I::dump_links_from_bam_file] 147 million records processed, 73498852 read pairs 
[I::dump_links_from_bam_file] 148 million records processed, 73998919 read pairs 
[I::dump_links_from_bam_file] 149 million records processed, 74498955 read pairs 
[I::dump_links_from_bam_file] 150 million records processed, 74999059 read pairs 
[I::dump_links_from_bam_file] 151 million records processed, 75499357 read pairs 
[I::dump_links_from_bam_file] 152 million records processed, 75999616 read pairs 
[I::dump_links_from_bam_file] 153 million records processed, 76499731 read pairs 
[I::dump_links_from_bam_file] 154 million records processed, 76999813 read pairs 
[I::dump_links_from_bam_file] 155 million records processed, 77499671 read pairs 
[I::dump_links_from_bam_file] 156 million records processed, 77999575 read pairs 
[I::dump_links_from_bam_file] 157 million records processed, 78499580 read pairs 
[I::dump_links_from_bam_file] 158 million records processed, 78999442 read pairs 
[I::dump_links_from_bam_file] 159 million records processed, 79499490 read pairs 
[I::dump_links_from_bam_file] 160 million records processed, 79999562 read pairs 
[I::dump_links_from_bam_file] 161 million records processed, 80499713 read pairs 
[I::dump_links_from_bam_file] 162 million records processed, 80999495 read pairs 
[I::dump_links_from_bam_file] 163 million records processed, 81500001 read pairs 
[I::dump_links_from_bam_file] dumped 81520269 read pairs from 163040538 records: 76385090 intra links + 5135179 inter links 
[I::run_yahs] RAM total: 125.633GB
[I::run_yahs] RAM limit: 114.642GB
[I::contig_error_break] dist threshold for contig error break: 1000000
[I::contig_error_break] performed 3 round assembly error correction. Made 38 breaks 
[I::print_asm_stats] assembly stats:
[I::print_asm_stats]  N50: 23561000 (n = 6)
[I::print_asm_stats]  N90: 2692000 (n = 29)
[I::print_asm_stats]  N100: 1000 (n = 1027)
[I::run_yahs] scaffolding round 1 resolution = 10000
[I::run_scaffolding] starting norm estimation...
[I::run_scaffolding] starting link estimation...
[I::inter_link_norms] using noise level 0.000
[I::inter_link_norms] average link count: 684.534 1107856.000 0.001
[I::run_scaffolding] starting scaffolding graph contruction...
[I::run_yahs] scaffolding round 1 done
[I::print_asm_stats] assembly stats:
[I::print_asm_stats]  N50: 43559000 (n = 5)
[I::print_asm_stats]  N90: 3194000 (n = 19)
[I::run_yahs] scaffolding round 2 resolution = 20000
[I::run_scaffolding] starting norm estimation...
[I::run_scaffolding] starting link estimation...
[I::inter_link_norms] using noise level 0.003
[I::inter_link_norms] average link count: 1499.829 360228.000 0.004
[I::run_scaffolding] starting scaffolding graph contruction...
[I::run_yahs] scaffolding round 2 done
[I::print_asm_stats] assembly stats:
[I::print_asm_stats]  N50: 45296186 (n = 4)
[I::print_asm_stats]  N90: 3347000 (n = 13)
[I::run_yahs] scaffolding round 3 resolution = 50000
[I::run_scaffolding] starting norm estimation...
[I::run_scaffolding] starting link estimation...
[I::inter_link_norms] using noise level 0.048
[I::inter_link_norms] average link count: 15971.013 545327.000 0.029
[I::run_scaffolding] starting scaffolding graph contruction...
[I::run_yahs] scaffolding round 3 done
[I::print_asm_stats] assembly stats:
[I::print_asm_stats]  N50: 73747639 (n = 3)
[I::print_asm_stats]  N90: 5686891 (n = 10)
[I::run_yahs] scaffolding round 4 resolution = 100000
[I::run_scaffolding] starting norm estimation...
[I::run_scaffolding] starting link estimation...
[I::inter_link_norms] using noise level 0.221
[I::inter_link_norms] average link count: 12104.425 242250.000 0.050
[I::run_scaffolding] starting scaffolding graph contruction...
[I::run_yahs] scaffolding round 4 done
[I::print_asm_stats] assembly stats:
[I::print_asm_stats]  N50: 82939557 (n = 3)
[I::print_asm_stats]  N90: 5686891 (n = 8)
[I::run_yahs] scaffolding round 5 resolution = 200000
[I::run_scaffolding] starting norm estimation...
[I::run_scaffolding] starting link estimation...
[I::inter_link_norms] using noise level 0.937
[I::inter_link_norms] average link count: 6576.868 86952.000 0.076
[I::run_scaffolding] starting scaffolding graph contruction...
[I::run_yahs] scaffolding round 5 done
[I::print_asm_stats] assembly stats:
[I::print_asm_stats]  N50: 294384538 (n = 1)
[I::print_asm_stats]  N90: 5686891 (n = 4)
[I::run_yahs] scaffolding round 6 resolution = 500000
[I::run_scaffolding] starting norm estimation...
[I::run_scaffolding] starting link estimation...
[I::inter_link_norms] using noise level 4.172
[I::inter_link_norms] average link count: 2005.358 10653.000 0.188
[I::run_scaffolding] starting scaffolding graph contruction...
[I::run_yahs] scaffolding round 6 done
[I::print_asm_stats] assembly stats:
[I::print_asm_stats]  N50: 294384538 (n = 1)
[I::print_asm_stats]  N90: 5686891 (n = 4)
[I::run_yahs] scaffolding round 7 resolution = 1000000
[I::run_scaffolding] starting norm estimation...
[I::run_scaffolding] starting link estimation...
[I::inter_link_norms] using noise level 29.801
[I::inter_link_norms] average link count: 2039.870 5464.000 0.373
[I::run_scaffolding] starting scaffolding graph contruction...
[I::run_yahs] scaffolding round 7 done
[I::print_asm_stats] assembly stats:
[I::print_asm_stats]  N50: 294384538 (n = 1)
[I::print_asm_stats]  N90: 5686891 (n = 4)
[I::run_yahs] scaffolding round 8 resolution = 2000000
[I::run_scaffolding] starting norm estimation...
[I::run_scaffolding] starting link estimation...
[I::inter_link_norms] using noise level 176.641
[I::inter_link_norms] average link count: 923.149 2148.000 0.430
[I::run_scaffolding] starting scaffolding graph contruction...
[I::run_yahs] scaffolding round 8 done
[I::print_asm_stats] assembly stats:
[I::print_asm_stats]  N50: 394796983 (n = 1)
[I::print_asm_stats]  N90: 5686891 (n = 3)
[I::run_yahs] scaffolding round 9 resolution = 5000000
[I::run_scaffolding] starting norm estimation...
[I::run_scaffolding] starting link estimation...
[I::inter_link_norms] using noise level 0.000
[I::inter_link_norms] average link count: 0.000 0.000 -nan
[I::run_scaffolding] starting scaffolding graph contruction...
[I::run_yahs] scaffolding round 9 done
[I::print_asm_stats] assembly stats:
[I::print_asm_stats]  N50: 394796983 (n = 1)
[I::print_asm_stats]  N90: 5686891 (n = 3)
[I::main] writing FASTA file for scaffolds
[I::write_fasta_file_from_agp] Number sequences: 981
[I::write_fasta_file_from_agp] Number bases: 450929769
[I::print_asm_stats] assembly stats:
[I::print_asm_stats]  N50: 394796983 (n = 1)
[I::print_asm_stats]  N90: 5686891 (n = 3)
[I::print_asm_stats]  N100: 1000 (n = 981)
[I::main] Version: 1.2a.1
[I::main] CMD: /SAN/ugi/StalkieGenomics/software/yahs/yahs ../STpurged.fa ../BAM/DEDUP/STassembly_rep1.bam
[I::main] Real time: 425.785 sec; CPU: 383.587 sec; Peak RSS: 0.605 GB
